<?xml version="1.0" encoding="UTF-8"?>
<testsuite xmlns:xsi="http://www.w3.org/2001/XMLSchema-instance" xsi:noNamespaceSchemaLocation="https://maven.apache.org/surefire/maven-surefire-plugin/xsd/surefire-test-report.xsd" version="3.0.2" name="com.dakalo.school_login.RegisterUserTest" time="0.076" tests="13" errors="0" skipped="0" failures="0">
  <properties>
[...]
</properties>
  <testcase name="testCheckCellPhoneNumberTrue" classname="com.dakalo.school_login.RegisterUserTest" time="0.006"/>
  <testcase name="testCheckCellPhoneNumberFalse" classname="com.dakalo.school_login.RegisterUserTest" time="0.0"/>
  <testcase name="testCheckPasswordComplexityTrue" classname="com.dakalo.school_login.RegisterUserTest" time="0.0"/>
  <testcase name="testCheckPasswordComplexityFalse" classname="com.dakalo.school_login.RegisterUserTest" time="0.0"/>
  <testcase name="testLoginUserSuccess" classname="com.dakalo.school_login.RegisterUserTest" time="0.0"/>
  <testcase name="testRegisterUserValidCellPhone" classname="com.dakalo.school_login.RegisterUserTest" time="0.0"/>
  <testcase name="testRegisterUserValidPassword" classname="com.dakalo.school_login.RegisterUserTest" time="0.0"/>
  <testcase name="testLoginUserFailure" classname="com.dakalo.school_login.RegisterUserTest" time="0.0"/>
  <testcase name="testRegisterUserInvalidCellPhone" classname="com.dakalo.school_login.RegisterUserTest" time="0.0"/>
  <testcase name="testRegisterUserInvalidPassword" classname="com.dakalo.school_login.RegisterUserTest" time="0.0"/>
  <testcase name="testCheckUserNameTrue" classname="com.dakalo.school_login.RegisterUserTest" time="0.0"/>
  <testcase name="testCheckUserNameFalse" classname="com.dakalo.school_login.RegisterUserTest" time="0.0"/>
  <testcase name="testRegisterUserValidUsername" classname="com.dakalo.school_login.RegisterUserTest" time="0.0"/>
</testsuite>